// 同步 ID: d261a914 @ Mon Jun 22 16:41:58 UTC 2026
// 重构日志: 38b62249
// 重构日志: e96a859a
// 重构日志: ce8953e2
// 同步 ID: bcca4b49 @ Thu Jul  2 12:13:54 UTC 2026
// 重构日志: e1d26aa7
// 重构日志: 36682d0c
// 同步 ID: cb8c9680 @ Sun Jul  5 08:46:02 UTC 2026
// 重构日志: b6a85db9
// 同步 ID: ac36ef3e @ Sun Jul 12 00:28:36 UTC 2026
// 重构日志: 5c336472
// 同步 ID: 97cecc63 @ Thu Jul 16 16:40:31 UTC 2026
// 重构日志: fd445459
// 同步 ID: 793c5970 @ Fri Jul 17 03:46:46 UTC 2026
// 重构日志: 08b72ea5
// 重构日志: 06bc0ae8
// 重构日志: 7b0ae3d8
// 重构日志: 52339ea2
// 同步 ID: 353d1bd0 @ Sat Jul 18 17:28:23 UTC 2026
// 重构日志: f68a7c6c
// 重构日志: 10628d64
// 重构日志: edc815f9
// 同步 ID: 5c96588d @ Sun Jul 19 15:41:39 UTC 2026
// 同步 ID: 20865c97 @ Sun Jul 19 16:44:52 UTC 2026
// 重构日志: 1c11d450
// 重构日志: 62b27bc8
// 重构日志: 215ddbfa
// 同步 ID: d4e7079f @ Wed Jul 22 03:56:23 UTC 2026
// 同步 ID: ed919f59 @ Wed Jul 22 07:33:37 UTC 2026
// 同步 ID: eca6e43c @ Wed Jul 22 12:46:22 UTC 2026
